   0  $accept : Program $end

   1  Program : Decl_PLUS

   2  Decl : VariableDecl
   3       | FunctionDecl
   4       | ClassDecl
   5       | InterfaceDecl

   6  Decl_PLUS : Decl
   7            | Decl_PLUS Decl

   8  VariableDecl : Variable SEMICOLON

   9  VariableDecl_MULT : VariableDecl_MULT VariableDecl
  10                    |

  11  Variable : Type ID
  12           | Type ID ASSIGNOP Expr

  13  Type : INT
  14       | DOUBLE
  15       | BOOLEAN
  16       | STRING
  17       | Type LEFTBRACKET RIGHTBRACKET
  18       | ID

  19  FunctionDecl : Type ID LEFTPAREN Formals RIGHTPAREN StmtBlock
  20               | VOID ID LEFTPAREN Formals RIGHTPAREN StmtBlock

  21  Variable_PLUS : Variable
  22                | Variable_PLUS COMMA Variable

  23  Formals : Variable_PLUS
  24          |

  25  ID_PLUS : ID
  26          | ID_PLUS COMMA ID

  27  EXTEND_ZOO :
  28             | EXTENDS ID

  29  IMPLEMENT_ZOO :
  30                | IMPLEMENTS ID_PLUS

  31  ClassDecl : CLASS ID EXTEND_ZOO IMPLEMENT_ZOO LEFTBRACE Field_MULT RIGHTBRACE

  32  Field : VariableDecl
  33        | FunctionDecl

  34  Field_MULT : Field_MULT Field
  35             |

  36  InterfaceDecl : INTERFACE ID LEFTBRACE Prototype_MULT RIGHTBRACE

  37  Prototype : Type ID LEFTPAREN Formals RIGHTPAREN SEMICOLON
  38            | VOID ID LEFTPAREN Formals RIGHTPAREN SEMICOLON

  39  Prototype_MULT : Prototype_MULT Prototype
  40                 |

  41  StmtBlock : LEFTBRACE VariableDecl_MULT Stmt_MULT RIGHTBRACE

  42  Stmt : Expr_ZOO SEMICOLON
  43       | IfStmt
  44       | WhileStmt
  45       | ForStmt
  46       | BreakStmt
  47       | ReturnStmt
  48       | PrintStmt
  49       | StmtBlock

  50  Stmt_MULT : Stmt_MULT Stmt
  51            |

  52  Else_ZOO :
  53           | ELSE Stmt

  54  IfStmt : IF LEFTPAREN Expr RIGHTPAREN Stmt Else_ZOO

  55  WhileStmt : WHILE LEFTPAREN Expr RIGHTPAREN Stmt

  56  ForStmt : FOR LEFTPAREN Expr_ZOO SEMICOLON Expr SEMICOLON Expr_ZOO RIGHTPAREN Stmt

  57  BreakStmt : BREAK SEMICOLON

  58  ReturnStmt : RETURN Expr_ZOO SEMICOLON

  59  PrintStmt : PRINTLN LEFTPAREN Expr_PLUS RIGHTPAREN SEMICOLON

  60  Expr : Lvalue ASSIGNOP Expr
  61       | Constant
  62       | Lvalue
  63       | THIS
  64       | Call
  65       | LEFTPAREN Expr RIGHTPAREN
  66       | Expr PLUS Expr
  67       | Expr MINUS Expr
  68       | Expr MULTIPLICATION Expr
  69       | Expr DIVISION Expr
  70       | Expr MOD Expr
  71       | MINUS Expr
  72       | Expr LESS Expr
  73       | Expr LESSEQUAL Expr
  74       | Expr GREATER Expr
  75       | Expr GREATEREQUAL Expr
  76       | Expr EQUAL Expr
  77       | Expr NOTEQUAL Expr
  78       | Expr AND Expr
  79       | Expr OR Expr
  80       | NOT Expr
  81       | READLN LEFTPAREN RIGHTPAREN
  82       | NEW LEFTPAREN ID RIGHTPAREN
  83       | NEWARRAY LEFTPAREN INTCONSTANT COMMA Type RIGHTPAREN

  84  Expr_ZOO :
  85           | Expr

  86  Expr_PLUS : Expr
  87            | Expr_PLUS COMMA Expr

  88  Lvalue : ID
  89         | Lvalue LEFTBRACKET Expr RIGHTBRACKET
  90         | Lvalue PERIOD ID

  91  Call : ID LEFTPAREN Actuals RIGHTPAREN
  92       | ID PERIOD ID LEFTPAREN Actuals RIGHTPAREN

  93  Actuals : Expr_PLUS
  94          |

  95  Constant : INTCONSTANT
  96           | DOUBLECONSTANT
  97           | STRINGCONSTANT
  98           | BOOLEANCONSTANT
  99           | NULL

state 0
	$accept : . Program $end  (0)

	BOOLEAN  shift 1
	CLASS  shift 2
	DOUBLE  shift 3
	INT  shift 4
	INTERFACE  shift 5
	STRING  shift 6
	VOID  shift 7
	ID  shift 8
	.  error

	Program  goto 9
	Decl_PLUS  goto 10
	Decl  goto 11
	VariableDecl  goto 12
	FunctionDecl  goto 13
	ClassDecl  goto 14
	InterfaceDecl  goto 15
	Variable  goto 16
	Type  goto 17


state 1
	Type : BOOLEAN .  (15)

	.  reduce 15


state 2
	ClassDecl : CLASS . ID EXTEND_ZOO IMPLEMENT_ZOO LEFTBRACE Field_MULT RIGHTBRACE  (31)

	ID  shift 18
	.  error


state 3
	Type : DOUBLE .  (14)

	.  reduce 14


state 4
	Type : INT .  (13)

	.  reduce 13


state 5
	InterfaceDecl : INTERFACE . ID LEFTBRACE Prototype_MULT RIGHTBRACE  (36)

	ID  shift 19
	.  error


state 6
	Type : STRING .  (16)

	.  reduce 16


state 7
	FunctionDecl : VOID . ID LEFTPAREN Formals RIGHTPAREN StmtBlock  (20)

	ID  shift 20
	.  error


state 8
	Type : ID .  (18)

	.  reduce 18


state 9
	$accept : Program . $end  (0)

	$end  accept


state 10
	Program : Decl_PLUS .  (1)
	Decl_PLUS : Decl_PLUS . Decl  (7)

	BOOLEAN  shift 1
	CLASS  shift 2
	DOUBLE  shift 3
	INT  shift 4
	INTERFACE  shift 5
	STRING  shift 6
	VOID  shift 7
	ID  shift 8
	$end  reduce 1

	Decl  goto 21
	VariableDecl  goto 12
	FunctionDecl  goto 13
	ClassDecl  goto 14
	InterfaceDecl  goto 15
	Variable  goto 16
	Type  goto 17


state 11
	Decl_PLUS : Decl .  (6)

	.  reduce 6


state 12
	Decl : VariableDecl .  (2)

	.  reduce 2


state 13
	Decl : FunctionDecl .  (3)

	.  reduce 3


state 14
	Decl : ClassDecl .  (4)

	.  reduce 4


state 15
	Decl : InterfaceDecl .  (5)

	.  reduce 5


state 16
	VariableDecl : Variable . SEMICOLON  (8)

	SEMICOLON  shift 22
	.  error


state 17
	Variable : Type . ID  (11)
	Variable : Type . ID ASSIGNOP Expr  (12)
	Type : Type . LEFTBRACKET RIGHTBRACKET  (17)
	FunctionDecl : Type . ID LEFTPAREN Formals RIGHTPAREN StmtBlock  (19)

	ID  shift 23
	LEFTBRACKET  shift 24
	.  error


state 18
	ClassDecl : CLASS ID . EXTEND_ZOO IMPLEMENT_ZOO LEFTBRACE Field_MULT RIGHTBRACE  (31)
	EXTEND_ZOO : .  (27)

	EXTENDS  shift 25
	IMPLEMENTS  reduce 27
	LEFTBRACE  reduce 27

	EXTEND_ZOO  goto 26


state 19
	InterfaceDecl : INTERFACE ID . LEFTBRACE Prototype_MULT RIGHTBRACE  (36)

	LEFTBRACE  shift 27
	.  error


state 20
	FunctionDecl : VOID ID . LEFTPAREN Formals RIGHTPAREN StmtBlock  (20)

	LEFTPAREN  shift 28
	.  error


state 21
	Decl_PLUS : Decl_PLUS Decl .  (7)

	.  reduce 7


state 22
	VariableDecl : Variable SEMICOLON .  (8)

	.  reduce 8


state 23
	Variable : Type ID .  (11)
	Variable : Type ID . ASSIGNOP Expr  (12)
	FunctionDecl : Type ID . LEFTPAREN Formals RIGHTPAREN StmtBlock  (19)

	LEFTPAREN  shift 29
	ASSIGNOP  shift 30
	SEMICOLON  reduce 11


state 24
	Type : Type LEFTBRACKET . RIGHTBRACKET  (17)

	RIGHTBRACKET  shift 31
	.  error


state 25
	EXTEND_ZOO : EXTENDS . ID  (28)

	ID  shift 32
	.  error


state 26
	ClassDecl : CLASS ID EXTEND_ZOO . IMPLEMENT_ZOO LEFTBRACE Field_MULT RIGHTBRACE  (31)
	IMPLEMENT_ZOO : .  (29)

	IMPLEMENTS  shift 33
	LEFTBRACE  reduce 29

	IMPLEMENT_ZOO  goto 34


state 27
	InterfaceDecl : INTERFACE ID LEFTBRACE . Prototype_MULT RIGHTBRACE  (36)
	Prototype_MULT : .  (40)

	.  reduce 40

	Prototype_MULT  goto 35


state 28
	FunctionDecl : VOID ID LEFTPAREN . Formals RIGHTPAREN StmtBlock  (20)
	Formals : .  (24)

	BOOLEAN  shift 1
	DOUBLE  shift 3
	INT  shift 4
	STRING  shift 6
	ID  shift 8
	RIGHTPAREN  reduce 24

	Variable  goto 36
	Type  goto 37
	Formals  goto 38
	Variable_PLUS  goto 39


state 29
	FunctionDecl : Type ID LEFTPAREN . Formals RIGHTPAREN StmtBlock  (19)
	Formals : .  (24)

	BOOLEAN  shift 1
	DOUBLE  shift 3
	INT  shift 4
	STRING  shift 6
	ID  shift 8
	RIGHTPAREN  reduce 24

	Variable  goto 36
	Type  goto 37
	Formals  goto 40
	Variable_PLUS  goto 39


state 30
	Variable : Type ID ASSIGNOP . Expr  (12)

	NEW  shift 41
	NEWARRAY  shift 42
	NULL  shift 43
	READLN  shift 44
	THIS  shift 45
	ID  shift 46
	LEFTPAREN  shift 47
	INTCONSTANT  shift 48
	DOUBLECONSTANT  shift 49
	STRINGCONSTANT  shift 50
	BOOLEANCONSTANT  shift 51
	NOT  shift 52
	MINUS  shift 53
	.  error

	Expr  goto 54
	Lvalue  goto 55
	Constant  goto 56
	Call  goto 57


state 31
	Type : Type LEFTBRACKET RIGHTBRACKET .  (17)

	.  reduce 17


state 32
	EXTEND_ZOO : EXTENDS ID .  (28)

	.  reduce 28


state 33
	IMPLEMENT_ZOO : IMPLEMENTS . ID_PLUS  (30)

	ID  shift 58
	.  error

	ID_PLUS  goto 59


state 34
	ClassDecl : CLASS ID EXTEND_ZOO IMPLEMENT_ZOO . LEFTBRACE Field_MULT RIGHTBRACE  (31)

	LEFTBRACE  shift 60
	.  error


state 35
	InterfaceDecl : INTERFACE ID LEFTBRACE Prototype_MULT . RIGHTBRACE  (36)
	Prototype_MULT : Prototype_MULT . Prototype  (39)

	BOOLEAN  shift 1
	DOUBLE  shift 3
	INT  shift 4
	STRING  shift 6
	VOID  shift 61
	ID  shift 8
	RIGHTBRACE  shift 62
	.  error

	Type  goto 63
	Prototype  goto 64


state 36
	Variable_PLUS : Variable .  (21)

	.  reduce 21


state 37
	Variable : Type . ID  (11)
	Variable : Type . ID ASSIGNOP Expr  (12)
	Type : Type . LEFTBRACKET RIGHTBRACKET  (17)

	ID  shift 65
	LEFTBRACKET  shift 24
	.  error


state 38
	FunctionDecl : VOID ID LEFTPAREN Formals . RIGHTPAREN StmtBlock  (20)

	RIGHTPAREN  shift 66
	.  error


state 39
	Variable_PLUS : Variable_PLUS . COMMA Variable  (22)
	Formals : Variable_PLUS .  (23)

	COMMA  shift 67
	RIGHTPAREN  reduce 23


state 40
	FunctionDecl : Type ID LEFTPAREN Formals . RIGHTPAREN StmtBlock  (19)

	RIGHTPAREN  shift 68
	.  error


state 41
	Expr : NEW . LEFTPAREN ID RIGHTPAREN  (82)

	LEFTPAREN  shift 69
	.  error


state 42
	Expr : NEWARRAY . LEFTPAREN INTCONSTANT COMMA Type RIGHTPAREN  (83)

	LEFTPAREN  shift 70
	.  error


state 43
	Constant : NULL .  (99)

	.  reduce 99


state 44
	Expr : READLN . LEFTPAREN RIGHTPAREN  (81)

	LEFTPAREN  shift 71
	.  error


state 45
	Expr : THIS .  (63)

	.  reduce 63


46: shift/reduce conflict (shift 73, reduce 88) on PERIOD
state 46
	Lvalue : ID .  (88)
	Call : ID . LEFTPAREN Actuals RIGHTPAREN  (91)
	Call : ID . PERIOD ID LEFTPAREN Actuals RIGHTPAREN  (92)

	LEFTPAREN  shift 72
	PERIOD  shift 73
	RIGHTPAREN  reduce 88
	LEFTBRACKET  reduce 88
	RIGHTBRACKET  reduce 88
	SEMICOLON  reduce 88
	COMMA  reduce 88
	MULTIPLICATION  reduce 88
	DIVISION  reduce 88
	MOD  reduce 88
	PLUS  reduce 88
	MINUS  reduce 88
	LESS  reduce 88
	LESSEQUAL  reduce 88
	GREATER  reduce 88
	GREATEREQUAL  reduce 88
	EQUAL  reduce 88
	NOTEQUAL  reduce 88
	AND  reduce 88
	OR  reduce 88
	ASSIGNOP  reduce 88


state 47
	Expr : LEFTPAREN . Expr RIGHTPAREN  (65)

	NEW  shift 41
	NEWARRAY  shift 42
	NULL  shift 43
	READLN  shift 44
	THIS  shift 45
	ID  shift 46
	LEFTPAREN  shift 47
	INTCONSTANT  shift 48
	DOUBLECONSTANT  shift 49
	STRINGCONSTANT  shift 50
	BOOLEANCONSTANT  shift 51
	NOT  shift 52
	MINUS  shift 53
	.  error

	Expr  goto 74
	Lvalue  goto 55
	Constant  goto 56
	Call  goto 57


state 48
	Constant : INTCONSTANT .  (95)

	.  reduce 95


state 49
	Constant : DOUBLECONSTANT .  (96)

	.  reduce 96


state 50
	Constant : STRINGCONSTANT .  (97)

	.  reduce 97


state 51
	Constant : BOOLEANCONSTANT .  (98)

	.  reduce 98


state 52
	Expr : NOT . Expr  (80)

	NEW  shift 41
	NEWARRAY  shift 42
	NULL  shift 43
	READLN  shift 44
	THIS  shift 45
	ID  shift 46
	LEFTPAREN  shift 47
	INTCONSTANT  shift 48
	DOUBLECONSTANT  shift 49
	STRINGCONSTANT  shift 50
	BOOLEANCONSTANT  shift 51
	NOT  shift 52
	MINUS  shift 53
	.  error

	Expr  goto 75
	Lvalue  goto 55
	Constant  goto 56
	Call  goto 57


state 53
	Expr : MINUS . Expr  (71)

	NEW  shift 41
	NEWARRAY  shift 42
	NULL  shift 43
	READLN  shift 44
	THIS  shift 45
	ID  shift 46
	LEFTPAREN  shift 47
	INTCONSTANT  shift 48
	DOUBLECONSTANT  shift 49
	STRINGCONSTANT  shift 50
	BOOLEANCONSTANT  shift 51
	NOT  shift 52
	MINUS  shift 53
	.  error

	Expr  goto 76
	Lvalue  goto 55
	Constant  goto 56
	Call  goto 57


state 54
	Variable : Type ID ASSIGNOP Expr .  (12)
	Expr : Expr . PLUS Expr  (66)
	Expr : Expr . MINUS Expr  (67)
	Expr : Expr . MULTIPLICATION Expr  (68)
	Expr : Expr . DIVISION Expr  (69)
	Expr : Expr . MOD Expr  (70)
	Expr : Expr . LESS Expr  (72)
	Expr : Expr . LESSEQUAL Expr  (73)
	Expr : Expr . GREATER Expr  (74)
	Expr : Expr . GREATEREQUAL Expr  (75)
	Expr : Expr . EQUAL Expr  (76)
	Expr : Expr . NOTEQUAL Expr  (77)
	Expr : Expr . AND Expr  (78)
	Expr : Expr . OR Expr  (79)

	MULTIPLICATION  shift 77
	DIVISION  shift 78
	MOD  shift 79
	PLUS  shift 80
	MINUS  shift 81
	LESS  shift 82
	LESSEQUAL  shift 83
	GREATER  shift 84
	GREATEREQUAL  shift 85
	EQUAL  shift 86
	NOTEQUAL  shift 87
	AND  shift 88
	OR  shift 89
	RIGHTPAREN  reduce 12
	SEMICOLON  reduce 12
	COMMA  reduce 12


state 55
	Expr : Lvalue . ASSIGNOP Expr  (60)
	Expr : Lvalue .  (62)
	Lvalue : Lvalue . LEFTBRACKET Expr RIGHTBRACKET  (89)
	Lvalue : Lvalue . PERIOD ID  (90)

	LEFTBRACKET  shift 90
	PERIOD  shift 91
	ASSIGNOP  shift 92
	RIGHTPAREN  reduce 62
	RIGHTBRACKET  reduce 62
	SEMICOLON  reduce 62
	COMMA  reduce 62
	MULTIPLICATION  reduce 62
	DIVISION  reduce 62
	MOD  reduce 62
	PLUS  reduce 62
	MINUS  reduce 62
	LESS  reduce 62
	LESSEQUAL  reduce 62
	GREATER  reduce 62
	GREATEREQUAL  reduce 62
	EQUAL  reduce 62
	NOTEQUAL  reduce 62
	AND  reduce 62
	OR  reduce 62


state 56
	Expr : Constant .  (61)

	.  reduce 61


state 57
	Expr : Call .  (64)

	.  reduce 64


state 58
	ID_PLUS : ID .  (25)

	.  reduce 25


state 59
	ID_PLUS : ID_PLUS . COMMA ID  (26)
	IMPLEMENT_ZOO : IMPLEMENTS ID_PLUS .  (30)

	COMMA  shift 93
	LEFTBRACE  reduce 30


state 60
	ClassDecl : CLASS ID EXTEND_ZOO IMPLEMENT_ZOO LEFTBRACE . Field_MULT RIGHTBRACE  (31)
	Field_MULT : .  (35)

	.  reduce 35

	Field_MULT  goto 94


state 61
	Prototype : VOID . ID LEFTPAREN Formals RIGHTPAREN SEMICOLON  (38)

	ID  shift 95
	.  error


state 62
	InterfaceDecl : INTERFACE ID LEFTBRACE Prototype_MULT RIGHTBRACE .  (36)

	.  reduce 36


state 63
	Type : Type . LEFTBRACKET RIGHTBRACKET  (17)
	Prototype : Type . ID LEFTPAREN Formals RIGHTPAREN SEMICOLON  (37)

	ID  shift 96
	LEFTBRACKET  shift 24
	.  error


state 64
	Prototype_MULT : Prototype_MULT Prototype .  (39)

	.  reduce 39


state 65
	Variable : Type ID .  (11)
	Variable : Type ID . ASSIGNOP Expr  (12)

	ASSIGNOP  shift 30
	RIGHTPAREN  reduce 11
	SEMICOLON  reduce 11
	COMMA  reduce 11


state 66
	FunctionDecl : VOID ID LEFTPAREN Formals RIGHTPAREN . StmtBlock  (20)

	LEFTBRACE  shift 97
	.  error

	StmtBlock  goto 98


state 67
	Variable_PLUS : Variable_PLUS COMMA . Variable  (22)

	BOOLEAN  shift 1
	DOUBLE  shift 3
	INT  shift 4
	STRING  shift 6
	ID  shift 8
	.  error

	Variable  goto 99
	Type  goto 37


state 68
	FunctionDecl : Type ID LEFTPAREN Formals RIGHTPAREN . StmtBlock  (19)

	LEFTBRACE  shift 97
	.  error

	StmtBlock  goto 100


state 69
	Expr : NEW LEFTPAREN . ID RIGHTPAREN  (82)

	ID  shift 101
	.  error


state 70
	Expr : NEWARRAY LEFTPAREN . INTCONSTANT COMMA Type RIGHTPAREN  (83)

	INTCONSTANT  shift 102
	.  error


state 71
	Expr : READLN LEFTPAREN . RIGHTPAREN  (81)

	RIGHTPAREN  shift 103
	.  error


state 72
	Call : ID LEFTPAREN . Actuals RIGHTPAREN  (91)
	Actuals : .  (94)

	NEW  shift 41
	NEWARRAY  shift 42
	NULL  shift 43
	READLN  shift 44
	THIS  shift 45
	ID  shift 46
	LEFTPAREN  shift 47
	INTCONSTANT  shift 48
	DOUBLECONSTANT  shift 49
	STRINGCONSTANT  shift 50
	BOOLEANCONSTANT  shift 51
	NOT  shift 52
	MINUS  shift 53
	RIGHTPAREN  reduce 94

	Expr  goto 104
	Expr_PLUS  goto 105
	Lvalue  goto 55
	Constant  goto 56
	Call  goto 57
	Actuals  goto 106


state 73
	Call : ID PERIOD . ID LEFTPAREN Actuals RIGHTPAREN  (92)

	ID  shift 107
	.  error


state 74
	Expr : LEFTPAREN Expr . RIGHTPAREN  (65)
	Expr : Expr . PLUS Expr  (66)
	Expr : Expr . MINUS Expr  (67)
	Expr : Expr . MULTIPLICATION Expr  (68)
	Expr : Expr . DIVISION Expr  (69)
	Expr : Expr . MOD Expr  (70)
	Expr : Expr . LESS Expr  (72)
	Expr : Expr . LESSEQUAL Expr  (73)
	Expr : Expr . GREATER Expr  (74)
	Expr : Expr . GREATEREQUAL Expr  (75)
	Expr : Expr . EQUAL Expr  (76)
	Expr : Expr . NOTEQUAL Expr  (77)
	Expr : Expr . AND Expr  (78)
	Expr : Expr . OR Expr  (79)

	RIGHTPAREN  shift 108
	MULTIPLICATION  shift 77
	DIVISION  shift 78
	MOD  shift 79
	PLUS  shift 80
	MINUS  shift 81
	LESS  shift 82
	LESSEQUAL  shift 83
	GREATER  shift 84
	GREATEREQUAL  shift 85
	EQUAL  shift 86
	NOTEQUAL  shift 87
	AND  shift 88
	OR  shift 89
	.  error


state 75
	Expr : Expr . PLUS Expr  (66)
	Expr : Expr . MINUS Expr  (67)
	Expr : Expr . MULTIPLICATION Expr  (68)
	Expr : Expr . DIVISION Expr  (69)
	Expr : Expr . MOD Expr  (70)
	Expr : Expr . LESS Expr  (72)
	Expr : Expr . LESSEQUAL Expr  (73)
	Expr : Expr . GREATER Expr  (74)
	Expr : Expr . GREATEREQUAL Expr  (75)
	Expr : Expr . EQUAL Expr  (76)
	Expr : Expr . NOTEQUAL Expr  (77)
	Expr : Expr . AND Expr  (78)
	Expr : Expr . OR Expr  (79)
	Expr : NOT Expr .  (80)

	MULTIPLICATION  shift 77
	DIVISION  shift 78
	MOD  shift 79
	PLUS  shift 80
	MINUS  shift 81
	LESS  shift 82
	LESSEQUAL  shift 83
	GREATER  shift 84
	GREATEREQUAL  shift 85
	EQUAL  shift 86
	NOTEQUAL  shift 87
	AND  shift 88
	OR  shift 89
	RIGHTPAREN  reduce 80
	RIGHTBRACKET  reduce 80
	SEMICOLON  reduce 80
	COMMA  reduce 80


state 76
	Expr : Expr . PLUS Expr  (66)
	Expr : Expr . MINUS Expr  (67)
	Expr : Expr . MULTIPLICATION Expr  (68)
	Expr : Expr . DIVISION Expr  (69)
	Expr : Expr . MOD Expr  (70)
	Expr : MINUS Expr .  (71)
	Expr : Expr . LESS Expr  (72)
	Expr : Expr . LESSEQUAL Expr  (73)
	Expr : Expr . GREATER Expr  (74)
	Expr : Expr . GREATEREQUAL Expr  (75)
	Expr : Expr . EQUAL Expr  (76)
	Expr : Expr . NOTEQUAL Expr  (77)
	Expr : Expr . AND Expr  (78)
	Expr : Expr . OR Expr  (79)

	LESS  shift 82
	LESSEQUAL  shift 83
	GREATER  shift 84
	GREATEREQUAL  shift 85
	EQUAL  shift 86
	NOTEQUAL  shift 87
	AND  shift 88
	OR  shift 89
	RIGHTPAREN  reduce 71
	RIGHTBRACKET  reduce 71
	SEMICOLON  reduce 71
	COMMA  reduce 71
	MULTIPLICATION  reduce 71
	DIVISION  reduce 71
	MOD  reduce 71
	PLUS  reduce 71
	MINUS  reduce 71


state 77
	Expr : Expr MULTIPLICATION . Expr  (68)

	NEW  shift 41
	NEWARRAY  shift 42
	NULL  shift 43
	READLN  shift 44
	THIS  shift 45
	ID  shift 46
	LEFTPAREN  shift 47
	INTCONSTANT  shift 48
	DOUBLECONSTANT  shift 49
	STRINGCONSTANT  shift 50
	BOOLEANCONSTANT  shift 51
	NOT  shift 52
	MINUS  shift 53
	.  error

	Expr  goto 109
	Lvalue  goto 55
	Constant  goto 56
	Call  goto 57


state 78
	Expr : Expr DIVISION . Expr  (69)

	NEW  shift 41
	NEWARRAY  shift 42
	NULL  shift 43
	READLN  shift 44
	THIS  shift 45
	ID  shift 46
	LEFTPAREN  shift 47
	INTCONSTANT  shift 48
	DOUBLECONSTANT  shift 49
	STRINGCONSTANT  shift 50
	BOOLEANCONSTANT  shift 51
	NOT  shift 52
	MINUS  shift 53
	.  error

	Expr  goto 110
	Lvalue  goto 55
	Constant  goto 56
	Call  goto 57


state 79
	Expr : Expr MOD . Expr  (70)

	NEW  shift 41
	NEWARRAY  shift 42
	NULL  shift 43
	READLN  shift 44
	THIS  shift 45
	ID  shift 46
	LEFTPAREN  shift 47
	INTCONSTANT  shift 48
	DOUBLECONSTANT  shift 49
	STRINGCONSTANT  shift 50
	BOOLEANCONSTANT  shift 51
	NOT  shift 52
	MINUS  shift 53
	.  error

	Expr  goto 111
	Lvalue  goto 55
	Constant  goto 56
	Call  goto 57


state 80
	Expr : Expr PLUS . Expr  (66)

	NEW  shift 41
	NEWARRAY  shift 42
	NULL  shift 43
	READLN  shift 44
	THIS  shift 45
	ID  shift 46
	LEFTPAREN  shift 47
	INTCONSTANT  shift 48
	DOUBLECONSTANT  shift 49
	STRINGCONSTANT  shift 50
	BOOLEANCONSTANT  shift 51
	NOT  shift 52
	MINUS  shift 53
	.  error

	Expr  goto 112
	Lvalue  goto 55
	Constant  goto 56
	Call  goto 57


state 81
	Expr : Expr MINUS . Expr  (67)

	NEW  shift 41
	NEWARRAY  shift 42
	NULL  shift 43
	READLN  shift 44
	THIS  shift 45
	ID  shift 46
	LEFTPAREN  shift 47
	INTCONSTANT  shift 48
	DOUBLECONSTANT  shift 49
	STRINGCONSTANT  shift 50
	BOOLEANCONSTANT  shift 51
	NOT  shift 52
	MINUS  shift 53
	.  error

	Expr  goto 113
	Lvalue  goto 55
	Constant  goto 56
	Call  goto 57


state 82
	Expr : Expr LESS . Expr  (72)

	NEW  shift 41
	NEWARRAY  shift 42
	NULL  shift 43
	READLN  shift 44
	THIS  shift 45
	ID  shift 46
	LEFTPAREN  shift 47
	INTCONSTANT  shift 48
	DOUBLECONSTANT  shift 49
	STRINGCONSTANT  shift 50
	BOOLEANCONSTANT  shift 51
	NOT  shift 52
	MINUS  shift 53
	.  error

	Expr  goto 114
	Lvalue  goto 55
	Constant  goto 56
	Call  goto 57


state 83
	Expr : Expr LESSEQUAL . Expr  (73)

	NEW  shift 41
	NEWARRAY  shift 42
	NULL  shift 43
	READLN  shift 44
	THIS  shift 45
	ID  shift 46
	LEFTPAREN  shift 47
	INTCONSTANT  shift 48
	DOUBLECONSTANT  shift 49
	STRINGCONSTANT  shift 50
	BOOLEANCONSTANT  shift 51
	NOT  shift 52
	MINUS  shift 53
	.  error

	Expr  goto 115
	Lvalue  goto 55
	Constant  goto 56
	Call  goto 57


state 84
	Expr : Expr GREATER . Expr  (74)

	NEW  shift 41
	NEWARRAY  shift 42
	NULL  shift 43
	READLN  shift 44
	THIS  shift 45
	ID  shift 46
	LEFTPAREN  shift 47
	INTCONSTANT  shift 48
	DOUBLECONSTANT  shift 49
	STRINGCONSTANT  shift 50
	BOOLEANCONSTANT  shift 51
	NOT  shift 52
	MINUS  shift 53
	.  error

	Expr  goto 116
	Lvalue  goto 55
	Constant  goto 56
	Call  goto 57


state 85
	Expr : Expr GREATEREQUAL . Expr  (75)

	NEW  shift 41
	NEWARRAY  shift 42
	NULL  shift 43
	READLN  shift 44
	THIS  shift 45
	ID  shift 46
	LEFTPAREN  shift 47
	INTCONSTANT  shift 48
	DOUBLECONSTANT  shift 49
	STRINGCONSTANT  shift 50
	BOOLEANCONSTANT  shift 51
	NOT  shift 52
	MINUS  shift 53
	.  error

	Expr  goto 117
	Lvalue  goto 55
	Constant  goto 56
	Call  goto 57


state 86
	Expr : Expr EQUAL . Expr  (76)

	NEW  shift 41
	NEWARRAY  shift 42
	NULL  shift 43
	READLN  shift 44
	THIS  shift 45
	ID  shift 46
	LEFTPAREN  shift 47
	INTCONSTANT  shift 48
	DOUBLECONSTANT  shift 49
	STRINGCONSTANT  shift 50
	BOOLEANCONSTANT  shift 51
	NOT  shift 52
	MINUS  shift 53
	.  error

	Expr  goto 118
	Lvalue  goto 55
	Constant  goto 56
	Call  goto 57


state 87
	Expr : Expr NOTEQUAL . Expr  (77)

	NEW  shift 41
	NEWARRAY  shift 42
	NULL  shift 43
	READLN  shift 44
	THIS  shift 45
	ID  shift 46
	LEFTPAREN  shift 47
	INTCONSTANT  shift 48
	DOUBLECONSTANT  shift 49
	STRINGCONSTANT  shift 50
	BOOLEANCONSTANT  shift 51
	NOT  shift 52
	MINUS  shift 53
	.  error

	Expr  goto 119
	Lvalue  goto 55
	Constant  goto 56
	Call  goto 57


state 88
	Expr : Expr AND . Expr  (78)

	NEW  shift 41
	NEWARRAY  shift 42
	NULL  shift 43
	READLN  shift 44
	THIS  shift 45
	ID  shift 46
	LEFTPAREN  shift 47
	INTCONSTANT  shift 48
	DOUBLECONSTANT  shift 49
	STRINGCONSTANT  shift 50
	BOOLEANCONSTANT  shift 51
	NOT  shift 52
	MINUS  shift 53
	.  error

	Expr  goto 120
	Lvalue  goto 55
	Constant  goto 56
	Call  goto 57


state 89
	Expr : Expr OR . Expr  (79)

	NEW  shift 41
	NEWARRAY  shift 42
	NULL  shift 43
	READLN  shift 44
	THIS  shift 45
	ID  shift 46
	LEFTPAREN  shift 47
	INTCONSTANT  shift 48
	DOUBLECONSTANT  shift 49
	STRINGCONSTANT  shift 50
	BOOLEANCONSTANT  shift 51
	NOT  shift 52
	MINUS  shift 53
	.  error

	Expr  goto 121
	Lvalue  goto 55
	Constant  goto 56
	Call  goto 57


state 90
	Lvalue : Lvalue LEFTBRACKET . Expr RIGHTBRACKET  (89)

	NEW  shift 41
	NEWARRAY  shift 42
	NULL  shift 43
	READLN  shift 44
	THIS  shift 45
	ID  shift 46
	LEFTPAREN  shift 47
	INTCONSTANT  shift 48
	DOUBLECONSTANT  shift 49
	STRINGCONSTANT  shift 50
	BOOLEANCONSTANT  shift 51
	NOT  shift 52
	MINUS  shift 53
	.  error

	Expr  goto 122
	Lvalue  goto 55
	Constant  goto 56
	Call  goto 57


state 91
	Lvalue : Lvalue PERIOD . ID  (90)

	ID  shift 123
	.  error


state 92
	Expr : Lvalue ASSIGNOP . Expr  (60)

	NEW  shift 41
	NEWARRAY  shift 42
	NULL  shift 43
	READLN  shift 44
	THIS  shift 45
	ID  shift 46
	LEFTPAREN  shift 47
	INTCONSTANT  shift 48
	DOUBLECONSTANT  shift 49
	STRINGCONSTANT  shift 50
	BOOLEANCONSTANT  shift 51
	NOT  shift 52
	MINUS  shift 53
	.  error

	Expr  goto 124
	Lvalue  goto 55
	Constant  goto 56
	Call  goto 57


state 93
	ID_PLUS : ID_PLUS COMMA . ID  (26)

	ID  shift 125
	.  error


state 94
	ClassDecl : CLASS ID EXTEND_ZOO IMPLEMENT_ZOO LEFTBRACE Field_MULT . RIGHTBRACE  (31)
	Field_MULT : Field_MULT . Field  (34)

	BOOLEAN  shift 1
	DOUBLE  shift 3
	INT  shift 4
	STRING  shift 6
	VOID  shift 7
	ID  shift 8
	RIGHTBRACE  shift 126
	.  error

	VariableDecl  goto 127
	FunctionDecl  goto 128
	Variable  goto 16
	Type  goto 17
	Field  goto 129


state 95
	Prototype : VOID ID . LEFTPAREN Formals RIGHTPAREN SEMICOLON  (38)

	LEFTPAREN  shift 130
	.  error


state 96
	Prototype : Type ID . LEFTPAREN Formals RIGHTPAREN SEMICOLON  (37)

	LEFTPAREN  shift 131
	.  error


state 97
	StmtBlock : LEFTBRACE . VariableDecl_MULT Stmt_MULT RIGHTBRACE  (41)
	VariableDecl_MULT : .  (10)

	.  reduce 10

	VariableDecl_MULT  goto 132


state 98
	FunctionDecl : VOID ID LEFTPAREN Formals RIGHTPAREN StmtBlock .  (20)

	.  reduce 20


state 99
	Variable_PLUS : Variable_PLUS COMMA Variable .  (22)

	.  reduce 22


state 100
	FunctionDecl : Type ID LEFTPAREN Formals RIGHTPAREN StmtBlock .  (19)

	.  reduce 19


state 101
	Expr : NEW LEFTPAREN ID . RIGHTPAREN  (82)

	RIGHTPAREN  shift 133
	.  error


state 102
	Expr : NEWARRAY LEFTPAREN INTCONSTANT . COMMA Type RIGHTPAREN  (83)

	COMMA  shift 134
	.  error


state 103
	Expr : READLN LEFTPAREN RIGHTPAREN .  (81)

	.  reduce 81


state 104
	Expr : Expr . PLUS Expr  (66)
	Expr : Expr . MINUS Expr  (67)
	Expr : Expr . MULTIPLICATION Expr  (68)
	Expr : Expr . DIVISION Expr  (69)
	Expr : Expr . MOD Expr  (70)
	Expr : Expr . LESS Expr  (72)
	Expr : Expr . LESSEQUAL Expr  (73)
	Expr : Expr . GREATER Expr  (74)
	Expr : Expr . GREATEREQUAL Expr  (75)
	Expr : Expr . EQUAL Expr  (76)
	Expr : Expr . NOTEQUAL Expr  (77)
	Expr : Expr . AND Expr  (78)
	Expr : Expr . OR Expr  (79)
	Expr_PLUS : Expr .  (86)

	MULTIPLICATION  shift 77
	DIVISION  shift 78
	MOD  shift 79
	PLUS  shift 80
	MINUS  shift 81
	LESS  shift 82
	LESSEQUAL  shift 83
	GREATER  shift 84
	GREATEREQUAL  shift 85
	EQUAL  shift 86
	NOTEQUAL  shift 87
	AND  shift 88
	OR  shift 89
	RIGHTPAREN  reduce 86
	COMMA  reduce 86


state 105
	Expr_PLUS : Expr_PLUS . COMMA Expr  (87)
	Actuals : Expr_PLUS .  (93)

	COMMA  shift 135
	RIGHTPAREN  reduce 93


state 106
	Call : ID LEFTPAREN Actuals . RIGHTPAREN  (91)

	RIGHTPAREN  shift 136
	.  error


state 107
	Call : ID PERIOD ID . LEFTPAREN Actuals RIGHTPAREN  (92)

	LEFTPAREN  shift 137
	.  error


state 108
	Expr : LEFTPAREN Expr RIGHTPAREN .  (65)

	.  reduce 65


state 109
	Expr : Expr . PLUS Expr  (66)
	Expr : Expr . MINUS Expr  (67)
	Expr : Expr . MULTIPLICATION Expr  (68)
	Expr : Expr MULTIPLICATION Expr .  (68)
	Expr : Expr . DIVISION Expr  (69)
	Expr : Expr . MOD Expr  (70)
	Expr : Expr . LESS Expr  (72)
	Expr : Expr . LESSEQUAL Expr  (73)
	Expr : Expr . GREATER Expr  (74)
	Expr : Expr . GREATEREQUAL Expr  (75)
	Expr : Expr . EQUAL Expr  (76)
	Expr : Expr . NOTEQUAL Expr  (77)
	Expr : Expr . AND Expr  (78)
	Expr : Expr . OR Expr  (79)

	PLUS  shift 80
	MINUS  shift 81
	LESS  shift 82
	LESSEQUAL  shift 83
	GREATER  shift 84
	GREATEREQUAL  shift 85
	EQUAL  shift 86
	NOTEQUAL  shift 87
	AND  shift 88
	OR  shift 89
	RIGHTPAREN  reduce 68
	RIGHTBRACKET  reduce 68
	SEMICOLON  reduce 68
	COMMA  reduce 68
	MULTIPLICATION  reduce 68
	DIVISION  reduce 68
	MOD  reduce 68


state 110
	Expr : Expr . PLUS Expr  (66)
	Expr : Expr . MINUS Expr  (67)
	Expr : Expr . MULTIPLICATION Expr  (68)
	Expr : Expr . DIVISION Expr  (69)
	Expr : Expr DIVISION Expr .  (69)
	Expr : Expr . MOD Expr  (70)
	Expr : Expr . LESS Expr  (72)
	Expr : Expr . LESSEQUAL Expr  (73)
	Expr : Expr . GREATER Expr  (74)
	Expr : Expr . GREATEREQUAL Expr  (75)
	Expr : Expr . EQUAL Expr  (76)
	Expr : Expr . NOTEQUAL Expr  (77)
	Expr : Expr . AND Expr  (78)
	Expr : Expr . OR Expr  (79)

	PLUS  shift 80
	MINUS  shift 81
	LESS  shift 82
	LESSEQUAL  shift 83
	GREATER  shift 84
	GREATEREQUAL  shift 85
	EQUAL  shift 86
	NOTEQUAL  shift 87
	AND  shift 88
	OR  shift 89
	RIGHTPAREN  reduce 69
	RIGHTBRACKET  reduce 69
	SEMICOLON  reduce 69
	COMMA  reduce 69
	MULTIPLICATION  reduce 69
	DIVISION  reduce 69
	MOD  reduce 69


state 111
	Expr : Expr . PLUS Expr  (66)
	Expr : Expr . MINUS Expr  (67)
	Expr : Expr . MULTIPLICATION Expr  (68)
	Expr : Expr . DIVISION Expr  (69)
	Expr : Expr . MOD Expr  (70)
	Expr : Expr MOD Expr .  (70)
	Expr : Expr . LESS Expr  (72)
	Expr : Expr . LESSEQUAL Expr  (73)
	Expr : Expr . GREATER Expr  (74)
	Expr : Expr . GREATEREQUAL Expr  (75)
	Expr : Expr . EQUAL Expr  (76)
	Expr : Expr . NOTEQUAL Expr  (77)
	Expr : Expr . AND Expr  (78)
	Expr : Expr . OR Expr  (79)

	PLUS  shift 80
	MINUS  shift 81
	LESS  shift 82
	LESSEQUAL  shift 83
	GREATER  shift 84
	GREATEREQUAL  shift 85
	EQUAL  shift 86
	NOTEQUAL  shift 87
	AND  shift 88
	OR  shift 89
	RIGHTPAREN  reduce 70
	RIGHTBRACKET  reduce 70
	SEMICOLON  reduce 70
	COMMA  reduce 70
	MULTIPLICATION  reduce 70
	DIVISION  reduce 70
	MOD  reduce 70


state 112
	Expr : Expr . PLUS Expr  (66)
	Expr : Expr PLUS Expr .  (66)
	Expr : Expr . MINUS Expr  (67)
	Expr : Expr . MULTIPLICATION Expr  (68)
	Expr : Expr . DIVISION Expr  (69)
	Expr : Expr . MOD Expr  (70)
	Expr : Expr . LESS Expr  (72)
	Expr : Expr . LESSEQUAL Expr  (73)
	Expr : Expr . GREATER Expr  (74)
	Expr : Expr . GREATEREQUAL Expr  (75)
	Expr : Expr . EQUAL Expr  (76)
	Expr : Expr . NOTEQUAL Expr  (77)
	Expr : Expr . AND Expr  (78)
	Expr : Expr . OR Expr  (79)

	LESS  shift 82
	LESSEQUAL  shift 83
	GREATER  shift 84
	GREATEREQUAL  shift 85
	EQUAL  shift 86
	NOTEQUAL  shift 87
	AND  shift 88
	OR  shift 89
	RIGHTPAREN  reduce 66
	RIGHTBRACKET  reduce 66
	SEMICOLON  reduce 66
	COMMA  reduce 66
	MULTIPLICATION  reduce 66
	DIVISION  reduce 66
	MOD  reduce 66
	PLUS  reduce 66
	MINUS  reduce 66


state 113
	Expr : Expr . PLUS Expr  (66)
	Expr : Expr . MINUS Expr  (67)
	Expr : Expr MINUS Expr .  (67)
	Expr : Expr . MULTIPLICATION Expr  (68)
	Expr : Expr . DIVISION Expr  (69)
	Expr : Expr . MOD Expr  (70)
	Expr : Expr . LESS Expr  (72)
	Expr : Expr . LESSEQUAL Expr  (73)
	Expr : Expr . GREATER Expr  (74)
	Expr : Expr . GREATEREQUAL Expr  (75)
	Expr : Expr . EQUAL Expr  (76)
	Expr : Expr . NOTEQUAL Expr  (77)
	Expr : Expr . AND Expr  (78)
	Expr : Expr . OR Expr  (79)

	LESS  shift 82
	LESSEQUAL  shift 83
	GREATER  shift 84
	GREATEREQUAL  shift 85
	EQUAL  shift 86
	NOTEQUAL  shift 87
	AND  shift 88
	OR  shift 89
	RIGHTPAREN  reduce 67
	RIGHTBRACKET  reduce 67
	SEMICOLON  reduce 67
	COMMA  reduce 67
	MULTIPLICATION  reduce 67
	DIVISION  reduce 67
	MOD  reduce 67
	PLUS  reduce 67
	MINUS  reduce 67


state 114
	Expr : Expr . PLUS Expr  (66)
	Expr : Expr . MINUS Expr  (67)
	Expr : Expr . MULTIPLICATION Expr  (68)
	Expr : Expr . DIVISION Expr  (69)
	Expr : Expr . MOD Expr  (70)
	Expr : Expr . LESS Expr  (72)
	Expr : Expr LESS Expr .  (72)
	Expr : Expr . LESSEQUAL Expr  (73)
	Expr : Expr . GREATER Expr  (74)
	Expr : Expr . GREATEREQUAL Expr  (75)
	Expr : Expr . EQUAL Expr  (76)
	Expr : Expr . NOTEQUAL Expr  (77)
	Expr : Expr . AND Expr  (78)
	Expr : Expr . OR Expr  (79)

	EQUAL  shift 86
	NOTEQUAL  shift 87
	AND  shift 88
	OR  shift 89
	RIGHTPAREN  reduce 72
	RIGHTBRACKET  reduce 72
	SEMICOLON  reduce 72
	COMMA  reduce 72
	MULTIPLICATION  reduce 72
	DIVISION  reduce 72
	MOD  reduce 72
	PLUS  reduce 72
	MINUS  reduce 72
	LESS  reduce 72
	LESSEQUAL  reduce 72
	GREATER  reduce 72
	GREATEREQUAL  reduce 72


state 115
	Expr : Expr . PLUS Expr  (66)
	Expr : Expr . MINUS Expr  (67)
	Expr : Expr . MULTIPLICATION Expr  (68)
	Expr : Expr . DIVISION Expr  (69)
	Expr : Expr . MOD Expr  (70)
	Expr : Expr . LESS Expr  (72)
	Expr : Expr . LESSEQUAL Expr  (73)
	Expr : Expr LESSEQUAL Expr .  (73)
	Expr : Expr . GREATER Expr  (74)
	Expr : Expr . GREATEREQUAL Expr  (75)
	Expr : Expr . EQUAL Expr  (76)
	Expr : Expr . NOTEQUAL Expr  (77)
	Expr : Expr . AND Expr  (78)
	Expr : Expr . OR Expr  (79)

	EQUAL  shift 86
	NOTEQUAL  shift 87
	AND  shift 88
	OR  shift 89
	RIGHTPAREN  reduce 73
	RIGHTBRACKET  reduce 73
	SEMICOLON  reduce 73
	COMMA  reduce 73
	MULTIPLICATION  reduce 73
	DIVISION  reduce 73
	MOD  reduce 73
	PLUS  reduce 73
	MINUS  reduce 73
	LESS  reduce 73
	LESSEQUAL  reduce 73
	GREATER  reduce 73
	GREATEREQUAL  reduce 73


state 116
	Expr : Expr . PLUS Expr  (66)
	Expr : Expr . MINUS Expr  (67)
	Expr : Expr . MULTIPLICATION Expr  (68)
	Expr : Expr . DIVISION Expr  (69)
	Expr : Expr . MOD Expr  (70)
	Expr : Expr . LESS Expr  (72)
	Expr : Expr . LESSEQUAL Expr  (73)
	Expr : Expr . GREATER Expr  (74)
	Expr : Expr GREATER Expr .  (74)
	Expr : Expr . GREATEREQUAL Expr  (75)
	Expr : Expr . EQUAL Expr  (76)
	Expr : Expr . NOTEQUAL Expr  (77)
	Expr : Expr . AND Expr  (78)
	Expr : Expr . OR Expr  (79)

	EQUAL  shift 86
	NOTEQUAL  shift 87
	AND  shift 88
	OR  shift 89
	RIGHTPAREN  reduce 74
	RIGHTBRACKET  reduce 74
	SEMICOLON  reduce 74
	COMMA  reduce 74
	MULTIPLICATION  reduce 74
	DIVISION  reduce 74
	MOD  reduce 74
	PLUS  reduce 74
	MINUS  reduce 74
	LESS  reduce 74
	LESSEQUAL  reduce 74
	GREATER  reduce 74
	GREATEREQUAL  reduce 74


state 117
	Expr : Expr . PLUS Expr  (66)
	Expr : Expr . MINUS Expr  (67)
	Expr : Expr . MULTIPLICATION Expr  (68)
	Expr : Expr . DIVISION Expr  (69)
	Expr : Expr . MOD Expr  (70)
	Expr : Expr . LESS Expr  (72)
	Expr : Expr . LESSEQUAL Expr  (73)
	Expr : Expr . GREATER Expr  (74)
	Expr : Expr . GREATEREQUAL Expr  (75)
	Expr : Expr GREATEREQUAL Expr .  (75)
	Expr : Expr . EQUAL Expr  (76)
	Expr : Expr . NOTEQUAL Expr  (77)
	Expr : Expr . AND Expr  (78)
	Expr : Expr . OR Expr  (79)

	EQUAL  shift 86
	NOTEQUAL  shift 87
	AND  shift 88
	OR  shift 89
	RIGHTPAREN  reduce 75
	RIGHTBRACKET  reduce 75
	SEMICOLON  reduce 75
	COMMA  reduce 75
	MULTIPLICATION  reduce 75
	DIVISION  reduce 75
	MOD  reduce 75
	PLUS  reduce 75
	MINUS  reduce 75
	LESS  reduce 75
	LESSEQUAL  reduce 75
	GREATER  reduce 75
	GREATEREQUAL  reduce 75


state 118
	Expr : Expr . PLUS Expr  (66)
	Expr : Expr . MINUS Expr  (67)
	Expr : Expr . MULTIPLICATION Expr  (68)
	Expr : Expr . DIVISION Expr  (69)
	Expr : Expr . MOD Expr  (70)
	Expr : Expr . LESS Expr  (72)
	Expr : Expr . LESSEQUAL Expr  (73)
	Expr : Expr . GREATER Expr  (74)
	Expr : Expr . GREATEREQUAL Expr  (75)
	Expr : Expr . EQUAL Expr  (76)
	Expr : Expr EQUAL Expr .  (76)
	Expr : Expr . NOTEQUAL Expr  (77)
	Expr : Expr . AND Expr  (78)
	Expr : Expr . OR Expr  (79)

	AND  shift 88
	OR  shift 89
	RIGHTPAREN  reduce 76
	RIGHTBRACKET  reduce 76
	SEMICOLON  reduce 76
	COMMA  reduce 76
	MULTIPLICATION  reduce 76
	DIVISION  reduce 76
	MOD  reduce 76
	PLUS  reduce 76
	MINUS  reduce 76
	LESS  reduce 76
	LESSEQUAL  reduce 76
	GREATER  reduce 76
	GREATEREQUAL  reduce 76
	EQUAL  reduce 76
	NOTEQUAL  reduce 76


state 119
	Expr : Expr . PLUS Expr  (66)
	Expr : Expr . MINUS Expr  (67)
	Expr : Expr . MULTIPLICATION Expr  (68)
	Expr : Expr . DIVISION Expr  (69)
	Expr : Expr . MOD Expr  (70)
	Expr : Expr . LESS Expr  (72)
	Expr : Expr . LESSEQUAL Expr  (73)
	Expr : Expr . GREATER Expr  (74)
	Expr : Expr . GREATEREQUAL Expr  (75)
	Expr : Expr . EQUAL Expr  (76)
	Expr : Expr . NOTEQUAL Expr  (77)
	Expr : Expr NOTEQUAL Expr .  (77)
	Expr : Expr . AND Expr  (78)
	Expr : Expr . OR Expr  (79)

	AND  shift 88
	OR  shift 89
	RIGHTPAREN  reduce 77
	RIGHTBRACKET  reduce 77
	SEMICOLON  reduce 77
	COMMA  reduce 77
	MULTIPLICATION  reduce 77
	DIVISION  reduce 77
	MOD  reduce 77
	PLUS  reduce 77
	MINUS  reduce 77
	LESS  reduce 77
	LESSEQUAL  reduce 77
	GREATER  reduce 77
	GREATEREQUAL  reduce 77
	EQUAL  reduce 77
	NOTEQUAL  reduce 77


state 120
	Expr : Expr . PLUS Expr  (66)
	Expr : Expr . MINUS Expr  (67)
	Expr : Expr . MULTIPLICATION Expr  (68)
	Expr : Expr . DIVISION Expr  (69)
	Expr : Expr . MOD Expr  (70)
	Expr : Expr . LESS Expr  (72)
	Expr : Expr . LESSEQUAL Expr  (73)
	Expr : Expr . GREATER Expr  (74)
	Expr : Expr . GREATEREQUAL Expr  (75)
	Expr : Expr . EQUAL Expr  (76)
	Expr : Expr . NOTEQUAL Expr  (77)
	Expr : Expr . AND Expr  (78)
	Expr : Expr AND Expr .  (78)
	Expr : Expr . OR Expr  (79)

	OR  shift 89
	RIGHTPAREN  reduce 78
	RIGHTBRACKET  reduce 78
	SEMICOLON  reduce 78
	COMMA  reduce 78
	MULTIPLICATION  reduce 78
	DIVISION  reduce 78
	MOD  reduce 78
	PLUS  reduce 78
	MINUS  reduce 78
	LESS  reduce 78
	LESSEQUAL  reduce 78
	GREATER  reduce 78
	GREATEREQUAL  reduce 78
	EQUAL  reduce 78
	NOTEQUAL  reduce 78
	AND  reduce 78


state 121
	Expr : Expr . PLUS Expr  (66)
	Expr : Expr . MINUS Expr  (67)
	Expr : Expr . MULTIPLICATION Expr  (68)
	Expr : Expr . DIVISION Expr  (69)
	Expr : Expr . MOD Expr  (70)
	Expr : Expr . LESS Expr  (72)
	Expr : Expr . LESSEQUAL Expr  (73)
	Expr : Expr . GREATER Expr  (74)
	Expr : Expr . GREATEREQUAL Expr  (75)
	Expr : Expr . EQUAL Expr  (76)
	Expr : Expr . NOTEQUAL Expr  (77)
	Expr : Expr . AND Expr  (78)
	Expr : Expr . OR Expr  (79)
	Expr : Expr OR Expr .  (79)

	.  reduce 79


state 122
	Expr : Expr . PLUS Expr  (66)
	Expr : Expr . MINUS Expr  (67)
	Expr : Expr . MULTIPLICATION Expr  (68)
	Expr : Expr . DIVISION Expr  (69)
	Expr : Expr . MOD Expr  (70)
	Expr : Expr . LESS Expr  (72)
	Expr : Expr . LESSEQUAL Expr  (73)
	Expr : Expr . GREATER Expr  (74)
	Expr : Expr . GREATEREQUAL Expr  (75)
	Expr : Expr . EQUAL Expr  (76)
	Expr : Expr . NOTEQUAL Expr  (77)
	Expr : Expr . AND Expr  (78)
	Expr : Expr . OR Expr  (79)
	Lvalue : Lvalue LEFTBRACKET Expr . RIGHTBRACKET  (89)

	RIGHTBRACKET  shift 138
	MULTIPLICATION  shift 77
	DIVISION  shift 78
	MOD  shift 79
	PLUS  shift 80
	MINUS  shift 81
	LESS  shift 82
	LESSEQUAL  shift 83
	GREATER  shift 84
	GREATEREQUAL  shift 85
	EQUAL  shift 86
	NOTEQUAL  shift 87
	AND  shift 88
	OR  shift 89
	.  error


state 123
	Lvalue : Lvalue PERIOD ID .  (90)

	.  reduce 90


state 124
	Expr : Lvalue ASSIGNOP Expr .  (60)
	Expr : Expr . PLUS Expr  (66)
	Expr : Expr . MINUS Expr  (67)
	Expr : Expr . MULTIPLICATION Expr  (68)
	Expr : Expr . DIVISION Expr  (69)
	Expr : Expr . MOD Expr  (70)
	Expr : Expr . LESS Expr  (72)
	Expr : Expr . LESSEQUAL Expr  (73)
	Expr : Expr . GREATER Expr  (74)
	Expr : Expr . GREATEREQUAL Expr  (75)
	Expr : Expr . EQUAL Expr  (76)
	Expr : Expr . NOTEQUAL Expr  (77)
	Expr : Expr . AND Expr  (78)
	Expr : Expr . OR Expr  (79)

	.  reduce 60


state 125
	ID_PLUS : ID_PLUS COMMA ID .  (26)

	.  reduce 26


state 126
	ClassDecl : CLASS ID EXTEND_ZOO IMPLEMENT_ZOO LEFTBRACE Field_MULT RIGHTBRACE .  (31)

	.  reduce 31


state 127
	Field : VariableDecl .  (32)

	.  reduce 32


state 128
	Field : FunctionDecl .  (33)

	.  reduce 33


state 129
	Field_MULT : Field_MULT Field .  (34)

	.  reduce 34


state 130
	Prototype : VOID ID LEFTPAREN . Formals RIGHTPAREN SEMICOLON  (38)
	Formals : .  (24)

	BOOLEAN  shift 1
	DOUBLE  shift 3
	INT  shift 4
	STRING  shift 6
	ID  shift 8
	RIGHTPAREN  reduce 24

	Variable  goto 36
	Type  goto 37
	Formals  goto 139
	Variable_PLUS  goto 39


state 131
	Prototype : Type ID LEFTPAREN . Formals RIGHTPAREN SEMICOLON  (37)
	Formals : .  (24)

	BOOLEAN  shift 1
	DOUBLE  shift 3
	INT  shift 4
	STRING  shift 6
	ID  shift 8
	RIGHTPAREN  reduce 24

	Variable  goto 36
	Type  goto 37
	Formals  goto 140
	Variable_PLUS  goto 39


132: shift/reduce conflict (shift 8, reduce 51) on ID
state 132
	VariableDecl_MULT : VariableDecl_MULT . VariableDecl  (9)
	StmtBlock : LEFTBRACE VariableDecl_MULT . Stmt_MULT RIGHTBRACE  (41)
	Stmt_MULT : .  (51)

	BOOLEAN  shift 1
	DOUBLE  shift 3
	INT  shift 4
	STRING  shift 6
	ID  shift 8
	BREAK  reduce 51
	FOR  reduce 51
	IF  reduce 51
	NEW  reduce 51
	NEWARRAY  reduce 51
	NULL  reduce 51
	PRINTLN  reduce 51
	READLN  reduce 51
	RETURN  reduce 51
	THIS  reduce 51
	WHILE  reduce 51
	LEFTPAREN  reduce 51
	LEFTBRACE  reduce 51
	RIGHTBRACE  reduce 51
	SEMICOLON  reduce 51
	INTCONSTANT  reduce 51
	DOUBLECONSTANT  reduce 51
	STRINGCONSTANT  reduce 51
	BOOLEANCONSTANT  reduce 51
	NOT  reduce 51
	MINUS  reduce 51

	VariableDecl  goto 141
	Variable  goto 16
	Type  goto 37
	Stmt_MULT  goto 142


state 133
	Expr : NEW LEFTPAREN ID RIGHTPAREN .  (82)

	.  reduce 82


state 134
	Expr : NEWARRAY LEFTPAREN INTCONSTANT COMMA . Type RIGHTPAREN  (83)

	BOOLEAN  shift 1
	DOUBLE  shift 3
	INT  shift 4
	STRING  shift 6
	ID  shift 8
	.  error

	Type  goto 143


state 135
	Expr_PLUS : Expr_PLUS COMMA . Expr  (87)

	NEW  shift 41
	NEWARRAY  shift 42
	NULL  shift 43
	READLN  shift 44
	THIS  shift 45
	ID  shift 46
	LEFTPAREN  shift 47
	INTCONSTANT  shift 48
	DOUBLECONSTANT  shift 49
	STRINGCONSTANT  shift 50
	BOOLEANCONSTANT  shift 51
	NOT  shift 52
	MINUS  shift 53
	.  error

	Expr  goto 144
	Lvalue  goto 55
	Constant  goto 56
	Call  goto 57


state 136
	Call : ID LEFTPAREN Actuals RIGHTPAREN .  (91)

	.  reduce 91


state 137
	Call : ID PERIOD ID LEFTPAREN . Actuals RIGHTPAREN  (92)
	Actuals : .  (94)

	NEW  shift 41
	NEWARRAY  shift 42
	NULL  shift 43
	READLN  shift 44
	THIS  shift 45
	ID  shift 46
	LEFTPAREN  shift 47
	INTCONSTANT  shift 48
	DOUBLECONSTANT  shift 49
	STRINGCONSTANT  shift 50
	BOOLEANCONSTANT  shift 51
	NOT  shift 52
	MINUS  shift 53
	RIGHTPAREN  reduce 94

	Expr  goto 104
	Expr_PLUS  goto 105
	Lvalue  goto 55
	Constant  goto 56
	Call  goto 57
	Actuals  goto 145


state 138
	Lvalue : Lvalue LEFTBRACKET Expr RIGHTBRACKET .  (89)

	.  reduce 89


state 139
	Prototype : VOID ID LEFTPAREN Formals . RIGHTPAREN SEMICOLON  (38)

	RIGHTPAREN  shift 146
	.  error


state 140
	Prototype : Type ID LEFTPAREN Formals . RIGHTPAREN SEMICOLON  (37)

	RIGHTPAREN  shift 147
	.  error


state 141
	VariableDecl_MULT : VariableDecl_MULT VariableDecl .  (9)

	.  reduce 9


state 142
	StmtBlock : LEFTBRACE VariableDecl_MULT Stmt_MULT . RIGHTBRACE  (41)
	Stmt_MULT : Stmt_MULT . Stmt  (50)
	Expr_ZOO : .  (84)

	BREAK  shift 148
	FOR  shift 149
	IF  shift 150
	NEW  shift 41
	NEWARRAY  shift 42
	NULL  shift 43
	PRINTLN  shift 151
	READLN  shift 44
	RETURN  shift 152
	THIS  shift 45
	WHILE  shift 153
	ID  shift 46
	LEFTPAREN  shift 47
	LEFTBRACE  shift 97
	RIGHTBRACE  shift 154
	INTCONSTANT  shift 48
	DOUBLECONSTANT  shift 49
	STRINGCONSTANT  shift 50
	BOOLEANCONSTANT  shift 51
	NOT  shift 52
	MINUS  shift 53
	SEMICOLON  reduce 84

	Expr  goto 155
	StmtBlock  goto 156
	Stmt  goto 157
	Expr_ZOO  goto 158
	IfStmt  goto 159
	WhileStmt  goto 160
	ForStmt  goto 161
	BreakStmt  goto 162
	ReturnStmt  goto 163
	PrintStmt  goto 164
	Lvalue  goto 55
	Constant  goto 56
	Call  goto 57


state 143
	Type : Type . LEFTBRACKET RIGHTBRACKET  (17)
	Expr : NEWARRAY LEFTPAREN INTCONSTANT COMMA Type . RIGHTPAREN  (83)

	RIGHTPAREN  shift 165
	LEFTBRACKET  shift 24
	.  error


state 144
	Expr : Expr . PLUS Expr  (66)
	Expr : Expr . MINUS Expr  (67)
	Expr : Expr . MULTIPLICATION Expr  (68)
	Expr : Expr . DIVISION Expr  (69)
	Expr : Expr . MOD Expr  (70)
	Expr : Expr . LESS Expr  (72)
	Expr : Expr . LESSEQUAL Expr  (73)
	Expr : Expr . GREATER Expr  (74)
	Expr : Expr . GREATEREQUAL Expr  (75)
	Expr : Expr . EQUAL Expr  (76)
	Expr : Expr . NOTEQUAL Expr  (77)
	Expr : Expr . AND Expr  (78)
	Expr : Expr . OR Expr  (79)
	Expr_PLUS : Expr_PLUS COMMA Expr .  (87)

	MULTIPLICATION  shift 77
	DIVISION  shift 78
	MOD  shift 79
	PLUS  shift 80
	MINUS  shift 81
	LESS  shift 82
	LESSEQUAL  shift 83
	GREATER  shift 84
	GREATEREQUAL  shift 85
	EQUAL  shift 86
	NOTEQUAL  shift 87
	AND  shift 88
	OR  shift 89
	RIGHTPAREN  reduce 87
	COMMA  reduce 87


state 145
	Call : ID PERIOD ID LEFTPAREN Actuals . RIGHTPAREN  (92)

	RIGHTPAREN  shift 166
	.  error


state 146
	Prototype : VOID ID LEFTPAREN Formals RIGHTPAREN . SEMICOLON  (38)

	SEMICOLON  shift 167
	.  error


state 147
	Prototype : Type ID LEFTPAREN Formals RIGHTPAREN . SEMICOLON  (37)

	SEMICOLON  shift 168
	.  error


state 148
	BreakStmt : BREAK . SEMICOLON  (57)

	SEMICOLON  shift 169
	.  error


state 149
	ForStmt : FOR . LEFTPAREN Expr_ZOO SEMICOLON Expr SEMICOLON Expr_ZOO RIGHTPAREN Stmt  (56)

	LEFTPAREN  shift 170
	.  error


state 150
	IfStmt : IF . LEFTPAREN Expr RIGHTPAREN Stmt Else_ZOO  (54)

	LEFTPAREN  shift 171
	.  error


state 151
	PrintStmt : PRINTLN . LEFTPAREN Expr_PLUS RIGHTPAREN SEMICOLON  (59)

	LEFTPAREN  shift 172
	.  error


state 152
	ReturnStmt : RETURN . Expr_ZOO SEMICOLON  (58)
	Expr_ZOO : .  (84)

	NEW  shift 41
	NEWARRAY  shift 42
	NULL  shift 43
	READLN  shift 44
	THIS  shift 45
	ID  shift 46
	LEFTPAREN  shift 47
	INTCONSTANT  shift 48
	DOUBLECONSTANT  shift 49
	STRINGCONSTANT  shift 50
	BOOLEANCONSTANT  shift 51
	NOT  shift 52
	MINUS  shift 53
	SEMICOLON  reduce 84

	Expr  goto 155
	Expr_ZOO  goto 173
	Lvalue  goto 55
	Constant  goto 56
	Call  goto 57


state 153
	WhileStmt : WHILE . LEFTPAREN Expr RIGHTPAREN Stmt  (55)

	LEFTPAREN  shift 174
	.  error


state 154
	StmtBlock : LEFTBRACE VariableDecl_MULT Stmt_MULT RIGHTBRACE .  (41)

	.  reduce 41


state 155
	Expr : Expr . PLUS Expr  (66)
	Expr : Expr . MINUS Expr  (67)
	Expr : Expr . MULTIPLICATION Expr  (68)
	Expr : Expr . DIVISION Expr  (69)
	Expr : Expr . MOD Expr  (70)
	Expr : Expr . LESS Expr  (72)
	Expr : Expr . LESSEQUAL Expr  (73)
	Expr : Expr . GREATER Expr  (74)
	Expr : Expr . GREATEREQUAL Expr  (75)
	Expr : Expr . EQUAL Expr  (76)
	Expr : Expr . NOTEQUAL Expr  (77)
	Expr : Expr . AND Expr  (78)
	Expr : Expr . OR Expr  (79)
	Expr_ZOO : Expr .  (85)

	MULTIPLICATION  shift 77
	DIVISION  shift 78
	MOD  shift 79
	PLUS  shift 80
	MINUS  shift 81
	LESS  shift 82
	LESSEQUAL  shift 83
	GREATER  shift 84
	GREATEREQUAL  shift 85
	EQUAL  shift 86
	NOTEQUAL  shift 87
	AND  shift 88
	OR  shift 89
	RIGHTPAREN  reduce 85
	SEMICOLON  reduce 85


state 156
	Stmt : StmtBlock .  (49)

	.  reduce 49


state 157
	Stmt_MULT : Stmt_MULT Stmt .  (50)

	.  reduce 50


state 158
	Stmt : Expr_ZOO . SEMICOLON  (42)

	SEMICOLON  shift 175
	.  error


state 159
	Stmt : IfStmt .  (43)

	.  reduce 43


state 160
	Stmt : WhileStmt .  (44)

	.  reduce 44


state 161
	Stmt : ForStmt .  (45)

	.  reduce 45


state 162
	Stmt : BreakStmt .  (46)

	.  reduce 46


state 163
	Stmt : ReturnStmt .  (47)

	.  reduce 47


state 164
	Stmt : PrintStmt .  (48)

	.  reduce 48


state 165
	Expr : NEWARRAY LEFTPAREN INTCONSTANT COMMA Type RIGHTPAREN .  (83)

	.  reduce 83


state 166
	Call : ID PERIOD ID LEFTPAREN Actuals RIGHTPAREN .  (92)

	.  reduce 92


state 167
	Prototype : VOID ID LEFTPAREN Formals RIGHTPAREN SEMICOLON .  (38)

	.  reduce 38


state 168
	Prototype : Type ID LEFTPAREN Formals RIGHTPAREN SEMICOLON .  (37)

	.  reduce 37


state 169
	BreakStmt : BREAK SEMICOLON .  (57)

	.  reduce 57


state 170
	ForStmt : FOR LEFTPAREN . Expr_ZOO SEMICOLON Expr SEMICOLON Expr_ZOO RIGHTPAREN Stmt  (56)
	Expr_ZOO : .  (84)

	NEW  shift 41
	NEWARRAY  shift 42
	NULL  shift 43
	READLN  shift 44
	THIS  shift 45
	ID  shift 46
	LEFTPAREN  shift 47
	INTCONSTANT  shift 48
	DOUBLECONSTANT  shift 49
	STRINGCONSTANT  shift 50
	BOOLEANCONSTANT  shift 51
	NOT  shift 52
	MINUS  shift 53
	SEMICOLON  reduce 84

	Expr  goto 155
	Expr_ZOO  goto 176
	Lvalue  goto 55
	Constant  goto 56
	Call  goto 57


state 171
	IfStmt : IF LEFTPAREN . Expr RIGHTPAREN Stmt Else_ZOO  (54)

	NEW  shift 41
	NEWARRAY  shift 42
	NULL  shift 43
	READLN  shift 44
	THIS  shift 45
	ID  shift 46
	LEFTPAREN  shift 47
	INTCONSTANT  shift 48
	DOUBLECONSTANT  shift 49
	STRINGCONSTANT  shift 50
	BOOLEANCONSTANT  shift 51
	NOT  shift 52
	MINUS  shift 53
	.  error

	Expr  goto 177
	Lvalue  goto 55
	Constant  goto 56
	Call  goto 57


state 172
	PrintStmt : PRINTLN LEFTPAREN . Expr_PLUS RIGHTPAREN SEMICOLON  (59)

	NEW  shift 41
	NEWARRAY  shift 42
	NULL  shift 43
	READLN  shift 44
	THIS  shift 45
	ID  shift 46
	LEFTPAREN  shift 47
	INTCONSTANT  shift 48
	DOUBLECONSTANT  shift 49
	STRINGCONSTANT  shift 50
	BOOLEANCONSTANT  shift 51
	NOT  shift 52
	MINUS  shift 53
	.  error

	Expr  goto 104
	Expr_PLUS  goto 178
	Lvalue  goto 55
	Constant  goto 56
	Call  goto 57


state 173
	ReturnStmt : RETURN Expr_ZOO . SEMICOLON  (58)

	SEMICOLON  shift 179
	.  error


state 174
	WhileStmt : WHILE LEFTPAREN . Expr RIGHTPAREN Stmt  (55)

	NEW  shift 41
	NEWARRAY  shift 42
	NULL  shift 43
	READLN  shift 44
	THIS  shift 45
	ID  shift 46
	LEFTPAREN  shift 47
	INTCONSTANT  shift 48
	DOUBLECONSTANT  shift 49
	STRINGCONSTANT  shift 50
	BOOLEANCONSTANT  shift 51
	NOT  shift 52
	MINUS  shift 53
	.  error

	Expr  goto 180
	Lvalue  goto 55
	Constant  goto 56
	Call  goto 57


state 175
	Stmt : Expr_ZOO SEMICOLON .  (42)

	.  reduce 42


state 176
	ForStmt : FOR LEFTPAREN Expr_ZOO . SEMICOLON Expr SEMICOLON Expr_ZOO RIGHTPAREN Stmt  (56)

	SEMICOLON  shift 181
	.  error


state 177
	IfStmt : IF LEFTPAREN Expr . RIGHTPAREN Stmt Else_ZOO  (54)
	Expr : Expr . PLUS Expr  (66)
	Expr : Expr . MINUS Expr  (67)
	Expr : Expr . MULTIPLICATION Expr  (68)
	Expr : Expr . DIVISION Expr  (69)
	Expr : Expr . MOD Expr  (70)
	Expr : Expr . LESS Expr  (72)
	Expr : Expr . LESSEQUAL Expr  (73)
	Expr : Expr . GREATER Expr  (74)
	Expr : Expr . GREATEREQUAL Expr  (75)
	Expr : Expr . EQUAL Expr  (76)
	Expr : Expr . NOTEQUAL Expr  (77)
	Expr : Expr . AND Expr  (78)
	Expr : Expr . OR Expr  (79)

	RIGHTPAREN  shift 182
	MULTIPLICATION  shift 77
	DIVISION  shift 78
	MOD  shift 79
	PLUS  shift 80
	MINUS  shift 81
	LESS  shift 82
	LESSEQUAL  shift 83
	GREATER  shift 84
	GREATEREQUAL  shift 85
	EQUAL  shift 86
	NOTEQUAL  shift 87
	AND  shift 88
	OR  shift 89
	.  error


state 178
	PrintStmt : PRINTLN LEFTPAREN Expr_PLUS . RIGHTPAREN SEMICOLON  (59)
	Expr_PLUS : Expr_PLUS . COMMA Expr  (87)

	RIGHTPAREN  shift 183
	COMMA  shift 135
	.  error


state 179
	ReturnStmt : RETURN Expr_ZOO SEMICOLON .  (58)

	.  reduce 58


state 180
	WhileStmt : WHILE LEFTPAREN Expr . RIGHTPAREN Stmt  (55)
	Expr : Expr . PLUS Expr  (66)
	Expr : Expr . MINUS Expr  (67)
	Expr : Expr . MULTIPLICATION Expr  (68)
	Expr : Expr . DIVISION Expr  (69)
	Expr : Expr . MOD Expr  (70)
	Expr : Expr . LESS Expr  (72)
	Expr : Expr . LESSEQUAL Expr  (73)
	Expr : Expr . GREATER Expr  (74)
	Expr : Expr . GREATEREQUAL Expr  (75)
	Expr : Expr . EQUAL Expr  (76)
	Expr : Expr . NOTEQUAL Expr  (77)
	Expr : Expr . AND Expr  (78)
	Expr : Expr . OR Expr  (79)

	RIGHTPAREN  shift 184
	MULTIPLICATION  shift 77
	DIVISION  shift 78
	MOD  shift 79
	PLUS  shift 80
	MINUS  shift 81
	LESS  shift 82
	LESSEQUAL  shift 83
	GREATER  shift 84
	GREATEREQUAL  shift 85
	EQUAL  shift 86
	NOTEQUAL  shift 87
	AND  shift 88
	OR  shift 89
	.  error


state 181
	ForStmt : FOR LEFTPAREN Expr_ZOO SEMICOLON . Expr SEMICOLON Expr_ZOO RIGHTPAREN Stmt  (56)

	NEW  shift 41
	NEWARRAY  shift 42
	NULL  shift 43
	READLN  shift 44
	THIS  shift 45
	ID  shift 46
	LEFTPAREN  shift 47
	INTCONSTANT  shift 48
	DOUBLECONSTANT  shift 49
	STRINGCONSTANT  shift 50
	BOOLEANCONSTANT  shift 51
	NOT  shift 52
	MINUS  shift 53
	.  error

	Expr  goto 185
	Lvalue  goto 55
	Constant  goto 56
	Call  goto 57


state 182
	IfStmt : IF LEFTPAREN Expr RIGHTPAREN . Stmt Else_ZOO  (54)
	Expr_ZOO : .  (84)

	BREAK  shift 148
	FOR  shift 149
	IF  shift 150
	NEW  shift 41
	NEWARRAY  shift 42
	NULL  shift 43
	PRINTLN  shift 151
	READLN  shift 44
	RETURN  shift 152
	THIS  shift 45
	WHILE  shift 153
	ID  shift 46
	LEFTPAREN  shift 47
	LEFTBRACE  shift 97
	INTCONSTANT  shift 48
	DOUBLECONSTANT  shift 49
	STRINGCONSTANT  shift 50
	BOOLEANCONSTANT  shift 51
	NOT  shift 52
	MINUS  shift 53
	SEMICOLON  reduce 84

	Expr  goto 155
	StmtBlock  goto 156
	Stmt  goto 186
	Expr_ZOO  goto 158
	IfStmt  goto 159
	WhileStmt  goto 160
	ForStmt  goto 161
	BreakStmt  goto 162
	ReturnStmt  goto 163
	PrintStmt  goto 164
	Lvalue  goto 55
	Constant  goto 56
	Call  goto 57


state 183
	PrintStmt : PRINTLN LEFTPAREN Expr_PLUS RIGHTPAREN . SEMICOLON  (59)

	SEMICOLON  shift 187
	.  error


state 184
	WhileStmt : WHILE LEFTPAREN Expr RIGHTPAREN . Stmt  (55)
	Expr_ZOO : .  (84)

	BREAK  shift 148
	FOR  shift 149
	IF  shift 150
	NEW  shift 41
	NEWARRAY  shift 42
	NULL  shift 43
	PRINTLN  shift 151
	READLN  shift 44
	RETURN  shift 152
	THIS  shift 45
	WHILE  shift 153
	ID  shift 46
	LEFTPAREN  shift 47
	LEFTBRACE  shift 97
	INTCONSTANT  shift 48
	DOUBLECONSTANT  shift 49
	STRINGCONSTANT  shift 50
	BOOLEANCONSTANT  shift 51
	NOT  shift 52
	MINUS  shift 53
	SEMICOLON  reduce 84

	Expr  goto 155
	StmtBlock  goto 156
	Stmt  goto 188
	Expr_ZOO  goto 158
	IfStmt  goto 159
	WhileStmt  goto 160
	ForStmt  goto 161
	BreakStmt  goto 162
	ReturnStmt  goto 163
	PrintStmt  goto 164
	Lvalue  goto 55
	Constant  goto 56
	Call  goto 57


state 185
	ForStmt : FOR LEFTPAREN Expr_ZOO SEMICOLON Expr . SEMICOLON Expr_ZOO RIGHTPAREN Stmt  (56)
	Expr : Expr . PLUS Expr  (66)
	Expr : Expr . MINUS Expr  (67)
	Expr : Expr . MULTIPLICATION Expr  (68)
	Expr : Expr . DIVISION Expr  (69)
	Expr : Expr . MOD Expr  (70)
	Expr : Expr . LESS Expr  (72)
	Expr : Expr . LESSEQUAL Expr  (73)
	Expr : Expr . GREATER Expr  (74)
	Expr : Expr . GREATEREQUAL Expr  (75)
	Expr : Expr . EQUAL Expr  (76)
	Expr : Expr . NOTEQUAL Expr  (77)
	Expr : Expr . AND Expr  (78)
	Expr : Expr . OR Expr  (79)

	SEMICOLON  shift 189
	MULTIPLICATION  shift 77
	DIVISION  shift 78
	MOD  shift 79
	PLUS  shift 80
	MINUS  shift 81
	LESS  shift 82
	LESSEQUAL  shift 83
	GREATER  shift 84
	GREATEREQUAL  shift 85
	EQUAL  shift 86
	NOTEQUAL  shift 87
	AND  shift 88
	OR  shift 89
	.  error


186: shift/reduce conflict (shift 190, reduce 52) on ELSE
state 186
	IfStmt : IF LEFTPAREN Expr RIGHTPAREN Stmt . Else_ZOO  (54)
	Else_ZOO : .  (52)

	ELSE  shift 190
	BREAK  reduce 52
	FOR  reduce 52
	IF  reduce 52
	NEW  reduce 52
	NEWARRAY  reduce 52
	NULL  reduce 52
	PRINTLN  reduce 52
	READLN  reduce 52
	RETURN  reduce 52
	THIS  reduce 52
	WHILE  reduce 52
	ID  reduce 52
	LEFTPAREN  reduce 52
	LEFTBRACE  reduce 52
	RIGHTBRACE  reduce 52
	SEMICOLON  reduce 52
	INTCONSTANT  reduce 52
	DOUBLECONSTANT  reduce 52
	STRINGCONSTANT  reduce 52
	BOOLEANCONSTANT  reduce 52
	NOT  reduce 52
	MINUS  reduce 52

	Else_ZOO  goto 191


state 187
	PrintStmt : PRINTLN LEFTPAREN Expr_PLUS RIGHTPAREN SEMICOLON .  (59)

	.  reduce 59


state 188
	WhileStmt : WHILE LEFTPAREN Expr RIGHTPAREN Stmt .  (55)

	.  reduce 55


state 189
	ForStmt : FOR LEFTPAREN Expr_ZOO SEMICOLON Expr SEMICOLON . Expr_ZOO RIGHTPAREN Stmt  (56)
	Expr_ZOO : .  (84)

	NEW  shift 41
	NEWARRAY  shift 42
	NULL  shift 43
	READLN  shift 44
	THIS  shift 45
	ID  shift 46
	LEFTPAREN  shift 47
	INTCONSTANT  shift 48
	DOUBLECONSTANT  shift 49
	STRINGCONSTANT  shift 50
	BOOLEANCONSTANT  shift 51
	NOT  shift 52
	MINUS  shift 53
	RIGHTPAREN  reduce 84

	Expr  goto 155
	Expr_ZOO  goto 192
	Lvalue  goto 55
	Constant  goto 56
	Call  goto 57


state 190
	Else_ZOO : ELSE . Stmt  (53)
	Expr_ZOO : .  (84)

	BREAK  shift 148
	FOR  shift 149
	IF  shift 150
	NEW  shift 41
	NEWARRAY  shift 42
	NULL  shift 43
	PRINTLN  shift 151
	READLN  shift 44
	RETURN  shift 152
	THIS  shift 45
	WHILE  shift 153
	ID  shift 46
	LEFTPAREN  shift 47
	LEFTBRACE  shift 97
	INTCONSTANT  shift 48
	DOUBLECONSTANT  shift 49
	STRINGCONSTANT  shift 50
	BOOLEANCONSTANT  shift 51
	NOT  shift 52
	MINUS  shift 53
	SEMICOLON  reduce 84

	Expr  goto 155
	StmtBlock  goto 156
	Stmt  goto 193
	Expr_ZOO  goto 158
	IfStmt  goto 159
	WhileStmt  goto 160
	ForStmt  goto 161
	BreakStmt  goto 162
	ReturnStmt  goto 163
	PrintStmt  goto 164
	Lvalue  goto 55
	Constant  goto 56
	Call  goto 57


state 191
	IfStmt : IF LEFTPAREN Expr RIGHTPAREN Stmt Else_ZOO .  (54)

	.  reduce 54


state 192
	ForStmt : FOR LEFTPAREN Expr_ZOO SEMICOLON Expr SEMICOLON Expr_ZOO . RIGHTPAREN Stmt  (56)

	RIGHTPAREN  shift 194
	.  error


state 193
	Else_ZOO : ELSE Stmt .  (53)

	.  reduce 53


state 194
	ForStmt : FOR LEFTPAREN Expr_ZOO SEMICOLON Expr SEMICOLON Expr_ZOO RIGHTPAREN . Stmt  (56)
	Expr_ZOO : .  (84)

	BREAK  shift 148
	FOR  shift 149
	IF  shift 150
	NEW  shift 41
	NEWARRAY  shift 42
	NULL  shift 43
	PRINTLN  shift 151
	READLN  shift 44
	RETURN  shift 152
	THIS  shift 45
	WHILE  shift 153
	ID  shift 46
	LEFTPAREN  shift 47
	LEFTBRACE  shift 97
	INTCONSTANT  shift 48
	DOUBLECONSTANT  shift 49
	STRINGCONSTANT  shift 50
	BOOLEANCONSTANT  shift 51
	NOT  shift 52
	MINUS  shift 53
	SEMICOLON  reduce 84

	Expr  goto 155
	StmtBlock  goto 156
	Stmt  goto 195
	Expr_ZOO  goto 158
	IfStmt  goto 159
	WhileStmt  goto 160
	ForStmt  goto 161
	BreakStmt  goto 162
	ReturnStmt  goto 163
	PrintStmt  goto 164
	Lvalue  goto 55
	Constant  goto 56
	Call  goto 57


state 195
	ForStmt : FOR LEFTPAREN Expr_ZOO SEMICOLON Expr SEMICOLON Expr_ZOO RIGHTPAREN Stmt .  (56)

	.  reduce 56


State 46 contains 1 shift/reduce conflict.
State 132 contains 1 shift/reduce conflict.
State 186 contains 1 shift/reduce conflict.


56 terminals, 37 nonterminals
100 grammar rules, 196 states
